[mamba.scienceturtles.com/index.html]
[www.scienceturtles.com/mambaassets/img/favicon.png]
[cdn.jsdelivr.net/npm/remixicon@2.5.0/fonts/remixicon.css]
[backblue.gif]
[fade.gif]
[index.html]
[www.scienceturtles.com/mambaassets/css/styles.css]
[www.scienceturtles.com/mambaassets/img/PortfolioMain.png]
[www.scienceturtles.com/mambaassets/img/home.png]
[www.scienceturtles.com/mambaassets/img/about.png]
[www.scienceturtles.com/mambaassets/img/portfimgs/MBUI1.jpg]
[www.scienceturtles.com/mambaassets/img/portfimgs/MBUI2.jpg]
[www.scienceturtles.com/mambaassets/img/portfimgs/MBUI3.jpg]
[www.scienceturtles.com/mambaassets/img/portfimgs/MBUI4.jpg]
[www.scienceturtles.com/mambaassets/img/portfimgs/MBUI5.jpg]
[www.scienceturtles.com/mambaassets/img/portfimgs/MBUI6.jpg]
[www.scienceturtles.com/mambaassets/img/portfimgs/MBUI7.jpg]
[www.scienceturtles.com/mambaassets/img/portfimgs/MBUI8.jpg]
[www.scienceturtles.com/mambaassets/img/portfimgs/MBUI9.jpg]
[www.scienceturtles.com/mambaassets/img/portfimgs/MBUI10.jpg]
[www.scienceturtles.com/mambaassets/img/portfimgs/MBUI11.jpg]
[www.scienceturtles.com/mambaassets/img/portfimgs/MBUI12.jpg]
[www.scienceturtles.com/mambaassets/img/portfimgs/MBUI13.jpg]
[www.scienceturtles.com/mambaassets/img/portfimgs/MBUI14.jpg]
[www.scienceturtles.com/mambaassets/img/portfimgs/MBUI15.jpg]
[www.scienceturtles.com/mambaassets/img/portfimgs/MBUI16.png]
[www.scienceturtles.com/mambaassets/img/portfimgs/MBUI17.jpg]
[www.scienceturtles.com/mambaassets/img/portfimgs/MBUI18.jpg]
[www.scienceturtles.com/mambaassets/img/portfimgs/MBUI19.jpg]
[www.scienceturtles.com/mambaassets/img/portfimgs/MBUI20.jpg]
[www.scienceturtles.com/mambaassets/img/portfimgs/MBUI21.jpg]
[www.scienceturtles.com/mambaassets/img/portfimgs/MBUI22.jpg]
[www.scienceturtles.com/mambaassets/img/portfimgs/MBUI23.jpg]
[www.scienceturtles.com/mambaassets/img/portfimgs/MBUI24.jpg]
[www.scienceturtles.com/mambaassets/img/portfimgs/MBUI26.png]
[www.scienceturtles.com/mambaassets/img/portfimgs/MBUI27.png]
[www.scienceturtles.com/mambaassets/img/portfimgs/MBUI28.jpg]
[www.scienceturtles.com/mambaassets/img/portfimgs/MBUI29.jpg]
[www.scienceturtles.com/mambaassets/img/portfimgs/MBUI30.png]
[www.scienceturtles.com/mambaassets/img/portfimgs/MBUI31.jpg]
[www.scienceturtles.com/mambaassets/img/portfimgs/MBUI33.jpg]
[www.scienceturtles.com/mambaassets/img/portfimgs/MBUI34.jpg]
[www.scienceturtles.com/mambaassets/img/portfimgs/MBUI37.jpg]
[www.scienceturtles.com/mambaassets/img/portfimgs/MBUI39.jpg]
[www.scienceturtles.com/mambaassets/img/portfimgs/MBUI40.jpg]
[www.scienceturtles.com/mambaassets/img/portfimgs/MBUI41.jpg]
[www.scienceturtles.com/mambaassets/img/portfimgs/MBUI42.jpg]
[www.scienceturtles.com/mambaassets/img/portfimgs/MBUI43.jpg]
[www.scienceturtles.com/mambaassets/img/portfimgs/MBUI44.jpg]
[www.scienceturtles.com/mambaassets/img/portfimgs/MBUI45.jpg]
[www.scienceturtles.com/mambaassets/img/portfimgs/MBUI46.jpg]
[www.scienceturtles.com/mambaassets/img/portfimgs/MBUI47.jpg]
[www.scienceturtles.com/mambaassets/img/portfimgs/MBUI48.jpg]
[www.scienceturtles.com/mambaassets/img/portfimgs/MBUI49.jpg]
[www.scienceturtles.com/mambaassets/img/portfimgs/MBUI53.jpg]
[www.scienceturtles.com/mambaassets/img/portfimgs/MBUI54.png]
[www.scienceturtles.com/mambaassets/img/portfimgs/MBUI55.jpg]
[www.scienceturtles.com/mambaassets/img/portfimgs/MBUI57.jpg]
[www.scienceturtles.com/mambaassets/img/portfimgs/unknown-1.jpg]
[www.scienceturtles.com/mambaassets/img/portfimgs/unknown-2.jpg]
[www.scienceturtles.com/mambaassets/img/portfimgs/unknown-3.jpg]
[www.scienceturtles.com/mambaassets/img/portfimgs/unknown-4.jpg]
[www.scienceturtles.com/mambaassets/img/portfimgs/unknown-5.jpg]
[www.scienceturtles.com/mambaassets/img/portfimgs/unknown-6.jpg]
[www.scienceturtles.com/mambaassets/img/portfimgs/unknown-7.jpg]
[www.scienceturtles.com/mambaassets/img/portfimgs/unknown-8.jpg]
[www.scienceturtles.com/mambaassets/img/portfimgs/unknown-9.jpg]
[www.scienceturtles.com/mambaassets/img/portfimgs/unknown-1.png]
[www.scienceturtles.com/mambaassets/img/portfimgs/unknown-3.png]
[www.scienceturtles.com/mambaassets/img/portfimgs/image.png]
[www.scienceturtles.com/mambaassets/img/portfimgs/unknown.png]
[www.scienceturtles.com/mambaassets/img/portfimgs/unknown-5.png]
[www.scienceturtles.com/mambaassets/img/portfimgs/unknown-4.png]
[www.scienceturtles.com/mambaassets/img/portfimgs/image-01.png]
[www.scienceturtles.com/mambaassets/img/portfimgs/image-1.png]
[www.scienceturtles.com/mambaassets/img/portfimgs/image-2.png]
[www.scienceturtles.com/mambaassets/img/portfimgs/image-3.png]
[www.scienceturtles.com/mambaassets/img/portfimgs/image-4.png]
[www.scienceturtles.com/mambaassets/img/portfimgs/image-5.png]
[cdn.discordapp.com/avatars/143804030550933504/083a227e5308dff930a354574a713fdbd3b9.png]
[mamba.scienceturtles.com/cdn-cgi/l/email-protection.html]
[mamba.scienceturtles.com/cdn-cgi/scripts/5c5dd728/cloudflare-static/email-decode.min.js]
[www.scienceturtles.com/mambaassets/js/scrollreveal.min.js]
[www.scienceturtles.com/mambaassets/js/main.js]
[client.crisp.chat/l.js]
[mamba.scienceturtles.com/index.html]
[mamba.scienceturtles.com/cdn-cgi/scripts/7d0fa10a/cloudflare-static/rocket-loader.min.js]
[cdn.jsdelivr.net/npm/remixicon@2.5.0/fonts/remixicondf6d.eot]
[cdn.jsdelivr.net/npm/remixicon@2.5.0/fonts/remixicondf6d.woff2]
[cdn.jsdelivr.net/npm/remixicon@2.5.0/fonts/remixicondf6d.woff]
[cdn.jsdelivr.net/npm/remixicon@2.5.0/fonts/remixicondf6d.ttf]
[cdn.jsdelivr.net/npm/remixicon@2.5.0/fonts/remixicon.css]
[www.scienceturtles.com/mambaassets/css/styles.css]
[cdn.discordapp.com/avatars/342318875389460480/9d84e97c7ce3a3a86ebab3207c0298edd3b9.html]
[mamba.scienceturtles.com/cdn-cgi/l/email-protection.html]
[cdn.jsdelivr.net/npm/remixicon@2.5.0/fonts/remixicondf6d.svg]
[cdn.jsdelivr.net/npm/remixicon@2.5.0/fonts/remixicondf6d.svg]
